android/app/build/intermediates/manifest_merge_blame_file/debug/manifest-merger-blame-debug-report.txt
1<?xml version="1.0" encoding="utf-8"?>
2<manifest xmlns:android="http://schemas.android.com/apk/res/android"
3    package="com.pokedex"
4    android:versionCode="1"
5    android:versionName="1.0" >
6
7    <uses-sdk
7-->src/main/AndroidManifest.xml:5:5-74
8        android:minSdkVersion="21"
8-->src/main/AndroidManifest.xml:5:15-41
9        android:targetSdkVersion="30" />
9-->src/main/AndroidManifest.xml:5:42-71
10
11    <uses-permission android:name="android.permission.SYSTEM_ALERT_WINDOW" />
11-->src/debug/AndroidManifest.xml:5:5-77
11-->src/debug/AndroidManifest.xml:5:22-75
12    <uses-permission android:name="android.permission.INTERNET" />
12-->src/main/AndroidManifest.xml:4:5-67
12-->src/main/AndroidManifest.xml:4:22-64
13    <uses-permission android:name="android.permission.ACCESS_WIFI_STATE" />
13-->[com.facebook.flipper:flipper:0.75.1] AndroidManifest.xml:16:5-76
13-->[com.facebook.flipper:flipper:0.75.1] AndroidManifest.xml:16:22-73
14
15    <application
15-->src/main/AndroidManifest.xml:7:5-25:19
16        android:name="com.pokedex.MainApplication"
16-->src/main/AndroidManifest.xml:8:7-38
17        android:allowBackup="false"
17-->src/main/AndroidManifest.xml:12:7-34
18        android:appComponentFactory="androidx.core.app.CoreComponentFactory"
18-->[androidx.core:core:1.6.0] AndroidManifest.xml:24:18-86
19        android:debuggable="true"
20        android:icon="@mipmap/ic_launcher"
20-->src/main/AndroidManifest.xml:10:7-41
21        android:label="@string/app_name"
21-->src/main/AndroidManifest.xml:9:7-39
22        android:roundIcon="@mipmap/ic_launcher_round"
22-->src/main/AndroidManifest.xml:11:7-52
23        android:testOnly="true"
24        android:theme="@style/AppTheme"
24-->src/main/AndroidManifest.xml:13:7-38
25        android:usesCleartextTraffic="true" >
25-->src/debug/AndroidManifest.xml:8:9-44
26        <activity
26-->src/debug/AndroidManifest.xml:11:9-86
27            android:name="com.facebook.react.devsupport.DevSettingsActivity"
27-->src/debug/AndroidManifest.xml:11:19-83
28            android:exported="false" />
28-->[:react-native-navigation] AndroidManifest.xml:12:13-37
29        <activity
29-->src/main/AndroidManifest.xml:14:7-24:18
30            android:name="com.pokedex.MainActivity"
30-->src/main/AndroidManifest.xml:15:9-37
31            android:configChanges="keyboard|keyboardHidden|orientation|screenSize|uiMode"
31-->src/main/AndroidManifest.xml:17:9-86
32            android:label="@string/app_name"
32-->src/main/AndroidManifest.xml:16:9-41
33            android:launchMode="singleTask"
33-->src/main/AndroidManifest.xml:18:9-40
34            android:windowSoftInputMode="adjustResize" >
34-->src/main/AndroidManifest.xml:19:9-51
35            <intent-filter>
35-->src/main/AndroidManifest.xml:20:9-23:25
36                <action android:name="android.intent.action.MAIN" />
36-->src/main/AndroidManifest.xml:21:13-65
36-->src/main/AndroidManifest.xml:21:21-62
37
38                <category android:name="android.intent.category.LAUNCHER" />
38-->src/main/AndroidManifest.xml:22:13-73
38-->src/main/AndroidManifest.xml:22:23-70
39            </intent-filter>
40        </activity>
41    </application>
42
43</manifest>